生成启动时间为 2024/11/16 11:39:57。
     1>项目“D:\Project\AutoSync\AutoSync\AutoSync.vcxproj”在节点 2 上(Rebuild 个目标)。
     1>CustomBuild:
         Moc'ing AutoSync.h...
         Uic'ing AutoSync.ui...
         Rcc'ing AutoSync.qrc...
     1>RCC : warning : No resources in 'D:\Project\AutoSync\AutoSync\AutoSync.qrc'.
         
       ClCompile:
         C:\Program Files (x86)\Microsoft Visual Studio 14.0\VC\bin\x86_amd64\CL.exe /c /I.\GeneratedFiles /I. /ID:\Qt\Qt5.7.0\5.7\msvc2015_64\include /I.\GeneratedFiles\Release /ID:\Qt\Qt5.7.0\5.7\msvc2015_64\include\QtCore /ID:\Qt\Qt5.7.0\5.7\msvc2015_64\include\QtGui /ID:\Qt\Qt5.7.0\5.7\msvc2015_64\include\QtWidgets /nologo /W1 /WX- /O2 /D UNICODE /D WIN32 /D WIN64 /D QT_DLL /D QT_NO_DEBUG /D NDEBUG /D QT_CORE_LIB /D QT_GUI_LIB /D QT_WIDGETS_LIB /D _AFXDLL /Gm- /EHsc /MD /GS /fp:precise /Zc:wchar_t /Zc:forScope /Zc:inline /Fo"x64\Release\\" /Fd"x64\Release\vc140.pdb" /Gd /TP /errorReport:prompt AutoSync.cpp GeneratedFiles\Release\moc_AutoSync.cpp main.cpp md5.cpp
         AutoSync.cpp
         _WIN32_WINNT not defined. Defaulting to _WIN32_WINNT_MAXVER (see WinSDKVer.h)
         moc_AutoSync.cpp
         _WIN32_WINNT not defined. Defaulting to _WIN32_WINNT_MAXVER (see WinSDKVer.h)
         main.cpp
         _WIN32_WINNT not defined. Defaulting to _WIN32_WINNT_MAXVER (see WinSDKVer.h)
         md5.cpp
         正在生成代码...
         C:\Program Files (x86)\Microsoft Visual Studio 14.0\VC\bin\x86_amd64\CL.exe /c /I.\GeneratedFiles /I. /ID:\Qt\Qt5.7.0\5.7\msvc2015_64\include /I.\GeneratedFiles\Release /ID:\Qt\Qt5.7.0\5.7\msvc2015_64\include\QtCore /ID:\Qt\Qt5.7.0\5.7\msvc2015_64\include\QtGui /ID:\Qt\Qt5.7.0\5.7\msvc2015_64\include\QtWidgets /nologo /W1 /WX- /O2 /D UNICODE /D WIN32 /D WIN64 /D QT_DLL /D QT_NO_DEBUG /D NDEBUG /D QT_CORE_LIB /D QT_GUI_LIB /D QT_WIDGETS_LIB /D _AFXDLL /Gm- /EHsc /MD /GS /fp:precise /Zc:wchar_t /Zc:forScope /Zc:inline /Fo"x64\Release\\" /Fd"x64\Release\vc140.pdb" /Gd /TP /errorReport:prompt GeneratedFiles\qrc_AutoSync.cpp
         qrc_AutoSync.cpp
       Link:
         C:\Program Files (x86)\Microsoft Visual Studio 14.0\VC\bin\x86_amd64\link.exe /ERRORREPORT:PROMPT /OUT:"D:\Project\AutoSync\x64\Release\\AutoSync.exe" /NOLOGO /LIBPATH:D:\Qt\Qt5.7.0\5.7\msvc2015_64\lib qtmain.lib Qt5Core.lib Qt5Gui.lib Qt5Widgets.lib /MANIFEST /MANIFESTUAC:"level='asInvoker' uiAccess='false'" /manifest:embed /manifestinput:"C:\Program Files (x86)\Microsoft Visual Studio 14.0\VC\Include\Manifest\dpiaware.manifest" /PDB:"D:\Project\AutoSync\x64\Release\AutoSync.pdb" /SUBSYSTEM:WINDOWS /TLBID:1 /DYNAMICBASE /NXCOMPAT /IMPLIB:"D:\Project\AutoSync\x64\Release\AutoSync.lib" /MACHINE:X64 x64\Release\AutoSync.obj
         x64\Release\qrc_AutoSync.obj
         x64\Release\moc_AutoSync.obj
         x64\Release\main.obj
         x64\Release\md5.obj
         AutoSync.vcxproj -> D:\Project\AutoSync\x64\Release\AutoSync.exe
     1>已完成生成项目“D:\Project\AutoSync\AutoSync\AutoSync.vcxproj”(Rebuild 个目标)的操作。

已成功生成。

已用时间 00:00:06.91
