d:\project\autosync\autosync\x64\debug\vc140.pdb
d:\project\autosync\autosync\x64\debug\qrc_autosync.obj
d:\project\autosync\autosync\x64\debug\md5.obj
d:\project\autosync\autosync\x64\debug\main.obj
d:\project\autosync\autosync\x64\debug\moc_autosync.obj
d:\project\autosync\autosync\x64\debug\autosync.obj
d:\project\autosync\autosync\generatedfiles\qrc_autosync.cpp
d:\project\autosync\autosync\generatedfiles\debug\moc_autosync.cpp
d:\project\autosync\autosync\generatedfiles\ui_autosync.h
d:\project\autosync\x64\debug\autosync.ilk
d:\project\autosync\x64\debug\autosync.exe
d:\project\autosync\x64\debug\autosync.pdb
d:\project\autosync\autosync\x64\debug\autosync.tlog\cl.command.1.tlog
d:\project\autosync\autosync\x64\debug\autosync.tlog\cl.read.1.tlog
d:\project\autosync\autosync\x64\debug\autosync.tlog\cl.write.1.tlog
d:\project\autosync\autosync\x64\debug\autosync.tlog\custombuild.command.1.tlog
d:\project\autosync\autosync\x64\debug\autosync.tlog\custombuild.read.1.tlog
d:\project\autosync\autosync\x64\debug\autosync.tlog\custombuild.write.1.tlog
d:\project\autosync\autosync\x64\debug\autosync.tlog\link.command.1.tlog
d:\project\autosync\autosync\x64\debug\autosync.tlog\link.read.1.tlog
d:\project\autosync\autosync\x64\debug\autosync.tlog\link.write.1.tlog
